2026-04-26 13:31:08,250 - httpx - INFO - HTTP Request: POST https://api.telegram.org/bot8739760947:AAFIsxBtMvFWmRw7K9zuiGaNNQo0Et7Gbg0/getMe "HTTP/1.1 200 OK"
2026-04-26 13:31:08,354 - httpx - INFO - HTTP Request: POST https://api.telegram.org/bot8739760947:AAFIsxBtMvFWmRw7K9zuiGaNNQo0Et7Gbg0/setMyCommands "HTTP/1.1 200 OK"
2026-04-26 13:31:08,447 - httpx - INFO - HTTP Request: POST https://api.telegram.org/bot8739760947:AAFIsxBtMvFWmRw7K9zuiGaNNQo0Et7Gbg0/deleteWebhook "HTTP/1.1 200 OK"
2026-04-26 13:31:08,449 - telegram.ext.Application - INFO - Application started
2026-04-26 13:31:18,698 - httpx - INFO - HTTP Request: POST https://api.telegram.org/bot8739760947:AAFIsxBtMvFWmRw7K9zuiGaNNQo0Et7Gbg0/getUpdates "HTTP/1.1 200 OK"
2026-04-26 13:31:28,776 - httpx - INFO - HTTP Request: POST https://api.telegram.org/bot8739760947:AAFIsxBtMvFWmRw7K9zuiGaNNQo0Et7Gbg0/getUpdates "HTTP/1.1 200 OK"
2026-04-26 13:31:38,856 - httpx - INFO - HTTP Request: POST https://api.telegram.org/bot8739760947:AAFIsxBtMvFWmRw7K9zuiGaNNQo0Et7Gbg0/getUpdates "HTTP/1.1 200 OK"
2026-04-26 13:31:48,936 - httpx - INFO - HTTP Request: POST https://api.telegram.org/bot8739760947:AAFIsxBtMvFWmRw7K9zuiGaNNQo0Et7Gbg0/getUpdates "HTTP/1.1 200 OK"
2026-04-26 13:31:59,014 - httpx - INFO - HTTP Request: POST https://api.telegram.org/bot8739760947:AAFIsxBtMvFWmRw7K9zuiGaNNQo0Et7Gbg0/getUpdates "HTTP/1.1 200 OK"
2026-04-26 13:32:09,094 - httpx - INFO - HTTP Request: POST https://api.telegram.org/bot8739760947:AAFIsxBtMvFWmRw7K9zuiGaNNQo0Et7Gbg0/getUpdates "HTTP/1.1 200 OK"
2026-04-26 13:32:19,174 - httpx - INFO - HTTP Request: POST https://api.telegram.org/bot8739760947:AAFIsxBtMvFWmRw7K9zuiGaNNQo0Et7Gbg0/getUpdates "HTTP/1.1 200 OK"
2026-04-26 13:32:29,253 - httpx - INFO - HTTP Request: POST https://api.telegram.org/bot8739760947:AAFIsxBtMvFWmRw7K9zuiGaNNQo0Et7Gbg0/getUpdates "HTTP/1.1 200 OK"
2026-04-26 13:32:39,333 - httpx - INFO - HTTP Request: POST https://api.telegram.org/bot8739760947:AAFIsxBtMvFWmRw7K9zuiGaNNQo0Et7Gbg0/getUpdates "HTTP/1.1 200 OK"
2026-04-26 13:32:49,412 - httpx - INFO - HTTP Request: POST https://api.telegram.org/bot8739760947:AAFIsxBtMvFWmRw7K9zuiGaNNQo0Et7Gbg0/getUpdates "HTTP/1.1 200 OK"
2026-04-26 13:32:59,492 - httpx - INFO - HTTP Request: POST https://api.telegram.org/bot8739760947:AAFIsxBtMvFWmRw7K9zuiGaNNQo0Et7Gbg0/getUpdates "HTTP/1.1 200 OK"
2026-04-26 13:33:09,572 - httpx - INFO - HTTP Request: POST https://api.telegram.org/bot8739760947:AAFIsxBtMvFWmRw7K9zuiGaNNQo0Et7Gbg0/getUpdates "HTTP/1.1 200 OK"
2026-04-26 13:33:19,651 - httpx - INFO - HTTP Request: POST https://api.telegram.org/bot8739760947:AAFIsxBtMvFWmRw7K9zuiGaNNQo0Et7Gbg0/getUpdates "HTTP/1.1 200 OK"
2026-04-26 13:33:29,731 - httpx - INFO - HTTP Request: POST https://api.telegram.org/bot8739760947:AAFIsxBtMvFWmRw7K9zuiGaNNQo0Et7Gbg0/getUpdates "HTTP/1.1 200 OK"
2026-04-26 13:33:39,810 - httpx - INFO - HTTP Request: POST https://api.telegram.org/bot8739760947:AAFIsxBtMvFWmRw7K9zuiGaNNQo0Et7Gbg0/getUpdates "HTTP/1.1 200 OK"
2026-04-26 13:33:49,890 - httpx - INFO - HTTP Request: POST https://api.telegram.org/bot8739760947:AAFIsxBtMvFWmRw7K9zuiGaNNQo0Et7Gbg0/getUpdates "HTTP/1.1 200 OK"
2026-04-26 13:33:59,970 - httpx - INFO - HTTP Request: POST https://api.telegram.org/bot8739760947:AAFIsxBtMvFWmRw7K9zuiGaNNQo0Et7Gbg0/getUpdates "HTTP/1.1 200 OK"
2026-04-26 13:34:10,049 - httpx - INFO - HTTP Request: POST https://api.telegram.org/bot8739760947:AAFIsxBtMvFWmRw7K9zuiGaNNQo0Et7Gbg0/getUpdates "HTTP/1.1 200 OK"
2026-04-26 13:34:20,128 - httpx - INFO - HTTP Request: POST https://api.telegram.org/bot8739760947:AAFIsxBtMvFWmRw7K9zuiGaNNQo0Et7Gbg0/getUpdates "HTTP/1.1 200 OK"
2026-04-26 13:34:30,207 - httpx - INFO - HTTP Request: POST https://api.telegram.org/bot8739760947:AAFIsxBtMvFWmRw7K9zuiGaNNQo0Et7Gbg0/getUpdates "HTTP/1.1 200 OK"
2026-04-26 13:34:40,288 - httpx - INFO - HTTP Request: POST https://api.telegram.org/bot8739760947:AAFIsxBtMvFWmRw7K9zuiGaNNQo0Et7Gbg0/getUpdates "HTTP/1.1 200 OK"
2026-04-26 13:34:50,367 - httpx - INFO - HTTP Request: POST https://api.telegram.org/bot8739760947:AAFIsxBtMvFWmRw7K9zuiGaNNQo0Et7Gbg0/getUpdates "HTTP/1.1 200 OK"
2026-04-26 13:35:00,446 - httpx - INFO - HTTP Request: POST https://api.telegram.org/bot8739760947:AAFIsxBtMvFWmRw7K9zuiGaNNQo0Et7Gbg0/getUpdates "HTTP/1.1 200 OK"
2026-04-26 13:35:10,525 - httpx - INFO - HTTP Request: POST https://api.telegram.org/bot8739760947:AAFIsxBtMvFWmRw7K9zuiGaNNQo0Et7Gbg0/getUpdates "HTTP/1.1 200 OK"
2026-04-26 13:35:20,605 - httpx - INFO - HTTP Request: POST https://api.telegram.org/bot8739760947:AAFIsxBtMvFWmRw7K9zuiGaNNQo0Et7Gbg0/getUpdates "HTTP/1.1 200 OK"
2026-04-26 13:35:30,683 - httpx - INFO - HTTP Request: POST https://api.telegram.org/bot8739760947:AAFIsxBtMvFWmRw7K9zuiGaNNQo0Et7Gbg0/getUpdates "HTTP/1.1 200 OK"
2026-04-26 13:35:40,762 - httpx - INFO - HTTP Request: POST https://api.telegram.org/bot8739760947:AAFIsxBtMvFWmRw7K9zuiGaNNQo0Et7Gbg0/getUpdates "HTTP/1.1 200 OK"
2026-04-26 13:35:50,840 - httpx - INFO - HTTP Request: POST https://api.telegram.org/bot8739760947:AAFIsxBtMvFWmRw7K9zuiGaNNQo0Et7Gbg0/getUpdates "HTTP/1.1 200 OK"
2026-04-26 13:36:00,920 - httpx - INFO - HTTP Request: POST https://api.telegram.org/bot8739760947:AAFIsxBtMvFWmRw7K9zuiGaNNQo0Et7Gbg0/getUpdates "HTTP/1.1 200 OK"
2026-04-26 13:36:11,000 - httpx - INFO - HTTP Request: POST https://api.telegram.org/bot8739760947:AAFIsxBtMvFWmRw7K9zuiGaNNQo0Et7Gbg0/getUpdates "HTTP/1.1 200 OK"
2026-04-26 13:36:21,078 - httpx - INFO - HTTP Request: POST https://api.telegram.org/bot8739760947:AAFIsxBtMvFWmRw7K9zuiGaNNQo0Et7Gbg0/getUpdates "HTTP/1.1 200 OK"
2026-04-26 13:36:31,156 - httpx - INFO - HTTP Request: POST https://api.telegram.org/bot8739760947:AAFIsxBtMvFWmRw7K9zuiGaNNQo0Et7Gbg0/getUpdates "HTTP/1.1 200 OK"
2026-04-26 13:36:41,236 - httpx - INFO - HTTP Request: POST https://api.telegram.org/bot8739760947:AAFIsxBtMvFWmRw7K9zuiGaNNQo0Et7Gbg0/getUpdates "HTTP/1.1 200 OK"
2026-04-26 13:36:51,315 - httpx - INFO - HTTP Request: POST https://api.telegram.org/bot8739760947:AAFIsxBtMvFWmRw7K9zuiGaNNQo0Et7Gbg0/getUpdates "HTTP/1.1 200 OK"
2026-04-26 13:37:01,395 - httpx - INFO - HTTP Request: POST https://api.telegram.org/bot8739760947:AAFIsxBtMvFWmRw7K9zuiGaNNQo0Et7Gbg0/getUpdates "HTTP/1.1 200 OK"
2026-04-26 13:37:11,473 - httpx - INFO - HTTP Request: POST https://api.telegram.org/bot8739760947:AAFIsxBtMvFWmRw7K9zuiGaNNQo0Et7Gbg0/getUpdates "HTTP/1.1 200 OK"
2026-04-26 13:37:21,552 - httpx - INFO - HTTP Request: POST https://api.telegram.org/bot8739760947:AAFIsxBtMvFWmRw7K9zuiGaNNQo0Et7Gbg0/getUpdates "HTTP/1.1 200 OK"
2026-04-26 13:37:31,631 - httpx - INFO - HTTP Request: POST https://api.telegram.org/bot8739760947:AAFIsxBtMvFWmRw7K9zuiGaNNQo0Et7Gbg0/getUpdates "HTTP/1.1 200 OK"
2026-04-26 13:37:41,711 - httpx - INFO - HTTP Request: POST https://api.telegram.org/bot8739760947:AAFIsxBtMvFWmRw7K9zuiGaNNQo0Et7Gbg0/getUpdates "HTTP/1.1 200 OK"
2026-04-26 13:37:51,791 - httpx - INFO - HTTP Request: POST https://api.telegram.org/bot8739760947:AAFIsxBtMvFWmRw7K9zuiGaNNQo0Et7Gbg0/getUpdates "HTTP/1.1 200 OK"
2026-04-26 13:38:01,870 - httpx - INFO - HTTP Request: POST https://api.telegram.org/bot8739760947:AAFIsxBtMvFWmRw7K9zuiGaNNQo0Et7Gbg0/getUpdates "HTTP/1.1 200 OK"
2026-04-26 13:38:11,949 - httpx - INFO - HTTP Request: POST https://api.telegram.org/bot8739760947:AAFIsxBtMvFWmRw7K9zuiGaNNQo0Et7Gbg0/getUpdates "HTTP/1.1 200 OK"
2026-04-26 13:38:22,027 - httpx - INFO - HTTP Request: POST https://api.telegram.org/bot8739760947:AAFIsxBtMvFWmRw7K9zuiGaNNQo0Et7Gbg0/getUpdates "HTTP/1.1 200 OK"
2026-04-26 13:38:32,107 - httpx - INFO - HTTP Request: POST https://api.telegram.org/bot8739760947:AAFIsxBtMvFWmRw7K9zuiGaNNQo0Et7Gbg0/getUpdates "HTTP/1.1 200 OK"
2026-04-26 13:38:42,186 - httpx - INFO - HTTP Request: POST https://api.telegram.org/bot8739760947:AAFIsxBtMvFWmRw7K9zuiGaNNQo0Et7Gbg0/getUpdates "HTTP/1.1 200 OK"
2026-04-26 13:38:52,265 - httpx - INFO - HTTP Request: POST https://api.telegram.org/bot8739760947:AAFIsxBtMvFWmRw7K9zuiGaNNQo0Et7Gbg0/getUpdates "HTTP/1.1 200 OK"
2026-04-26 13:39:02,344 - httpx - INFO - HTTP Request: POST https://api.telegram.org/bot8739760947:AAFIsxBtMvFWmRw7K9zuiGaNNQo0Et7Gbg0/getUpdates "HTTP/1.1 200 OK"
2026-04-26 13:39:12,424 - httpx - INFO - HTTP Request: POST https://api.telegram.org/bot8739760947:AAFIsxBtMvFWmRw7K9zuiGaNNQo0Et7Gbg0/getUpdates "HTTP/1.1 200 OK"
2026-04-26 13:39:22,504 - httpx - INFO - HTTP Request: POST https://api.telegram.org/bot8739760947:AAFIsxBtMvFWmRw7K9zuiGaNNQo0Et7Gbg0/getUpdates "HTTP/1.1 200 OK"
2026-04-26 13:39:32,583 - httpx - INFO - HTTP Request: POST https://api.telegram.org/bot8739760947:AAFIsxBtMvFWmRw7K9zuiGaNNQo0Et7Gbg0/getUpdates "HTTP/1.1 200 OK"
2026-04-26 13:39:42,662 - httpx - INFO - HTTP Request: POST https://api.telegram.org/bot8739760947:AAFIsxBtMvFWmRw7K9zuiGaNNQo0Et7Gbg0/getUpdates "HTTP/1.1 200 OK"
